2020-07-22 11:21:12.942  {main}  INFO   TestPageObject -before class...
2020-07-22 11:21:17.417  {main}  INFO   TestPageObject -before method...
2020-07-22 11:21:21.977  {main}  TRACE  TestPageObject -1 log trace
2020-07-22 11:21:21.985  {main}  DEBUG  TestPageObject -2 log debug
2020-07-22 11:21:21.985  {main}  INFO   TestPageObject -3 log info
2020-07-22 11:21:21.985  {main}  WARN   TestPageObject -4 log warn
2020-07-22 11:21:21.985  {main}  ERROR  TestPageObject -5 log error
2020-07-22 11:21:21.985  {main}  FATAL  TestPageObject -6 log fatal
2020-07-22 11:21:22.776  {main}  INFO   TestPageObject -after method...
2020-07-22 11:21:24.780  {main}  INFO   TestPageObject -before method...
2020-07-22 11:21:25.546  {main}  INFO   BasePage -loggin in home page
2020-07-22 11:21:26.287  {main}  INFO   TestPageObject -after method...
2020-07-22 11:21:28.289  {main}  INFO   TestPageObject -after class...
2020-07-22 11:51:24.958  {main}  INFO   TestPageObject -before class...
2020-07-22 11:51:29.208  {main}  INFO   TestPageObject -before method...
2020-07-22 11:51:31.989  {main}  TRACE  TestPageObject -1 log trace
2020-07-22 11:51:31.989  {main}  DEBUG  TestPageObject -2 log debug
2020-07-22 11:51:31.989  {main}  INFO   TestPageObject -3 log info
2020-07-22 11:51:31.989  {main}  WARN   TestPageObject -4 log warn
2020-07-22 11:51:31.997  {main}  ERROR  TestPageObject -5 log error
2020-07-22 11:51:31.997  {main}  FATAL  TestPageObject -6 log fatal
2020-07-22 11:51:32.686  {main}  INFO   TestPageObject -after method...
2020-07-22 11:51:34.693  {main}  INFO   TestPageObject -before method...
2020-07-22 11:51:35.192  {main}  INFO   BasePage -loggin in home page
2020-07-22 11:51:35.788  {main}  INFO   TestPageObject -after method...
2020-07-22 11:51:37.790  {main}  INFO   TestPageObject -after class...
2020-07-22 11:53:01.111  {main}  INFO   TestPageObject -before class...
2020-07-22 11:53:05.368  {main}  INFO   TestPageObject -before method...
2020-07-22 11:53:07.316  {main}  TRACE  TestPageObject -1 log trace
2020-07-22 11:53:07.316  {main}  DEBUG  TestPageObject -2 log debug
2020-07-22 11:53:07.316  {main}  INFO   TestPageObject -3 log info
2020-07-22 11:53:07.316  {main}  WARN   TestPageObject -4 log warn
2020-07-22 11:53:07.316  {main}  ERROR  TestPageObject -5 log error
2020-07-22 11:53:07.324  {main}  FATAL  TestPageObject -6 log fatal
2020-07-22 11:53:08.112  {main}  INFO   TestPageObject -after method...
2020-07-22 11:53:10.114  {main}  INFO   TestPageObject -before method...
2020-07-22 11:53:10.648  {main}  INFO   BasePage -loggin in home page
2020-07-22 11:53:11.223  {main}  INFO   TestPageObject -after method...
2020-07-22 11:53:13.226  {main}  INFO   TestPageObject -after class...
2020-07-22 12:08:23.335  {main}  INFO   TestPageObject -before class...
2020-07-22 12:08:27.576  {main}  INFO   TestPageObject -before method...
2020-07-22 12:08:30.288  {main}  TRACE  TestPageObject -1 log trace
2020-07-22 12:08:30.288  {main}  DEBUG  TestPageObject -2 log debug
2020-07-22 12:08:30.288  {main}  INFO   TestPageObject -3 log info
2020-07-22 12:08:30.288  {main}  WARN   TestPageObject -4 log warn
2020-07-22 12:08:30.296  {main}  ERROR  TestPageObject -5 log error
2020-07-22 12:08:30.296  {main}  FATAL  TestPageObject -6 log fatal
2020-07-22 12:08:31.076  {main}  INFO   TestPageObject -after method...
2020-07-22 12:08:33.076  {main}  INFO   TestPageObject -before method...
2020-07-22 12:08:33.689  {main}  INFO   BasePage -loggin in home page
2020-07-22 12:08:34.585  {main}  INFO   TestPageObject -after method...
2020-07-22 12:08:36.587  {main}  INFO   TestPageObject -after class...
2020-07-22 12:43:47.183  {main}  INFO   TestPageObject -before class...
2020-07-22 12:43:50.966  {main}  INFO   TestPageObject -before method...
2020-07-22 12:43:52.267  {main}  TRACE  TestPageObject -1 log trace
2020-07-22 12:43:52.267  {main}  DEBUG  TestPageObject -2 log debug
2020-07-22 12:43:52.267  {main}  INFO   TestPageObject -3 log info
2020-07-22 12:43:52.267  {main}  WARN   TestPageObject -4 log warn
2020-07-22 12:43:52.268  {main}  ERROR  TestPageObject -5 log error
2020-07-22 12:43:52.268  {main}  FATAL  TestPageObject -6 log fatal
2020-07-22 12:43:52.693  {main}  INFO   TestPageObject -after method...
2020-07-22 12:43:54.695  {main}  INFO   TestPageObject -before method...
2020-07-22 12:43:55.181  {main}  INFO   BasePage -loggin in home page
2020-07-22 12:43:59.599  {main}  INFO   TestPageObject -after method...
2020-07-22 12:44:01.612  {main}  INFO   TestPageObject -after class...
2020-07-22 12:49:26.028  {main}  INFO   TestPageObject -before class...
2020-07-22 12:49:29.812  {main}  INFO   TestPageObject -before method...
2020-07-22 12:49:31.476  {main}  TRACE  TestPageObject -1 log trace
2020-07-22 12:49:31.476  {main}  DEBUG  TestPageObject -2 log debug
2020-07-22 12:49:31.476  {main}  INFO   TestPageObject -3 log info
2020-07-22 12:49:31.476  {main}  WARN   TestPageObject -4 log warn
2020-07-22 12:49:31.477  {main}  ERROR  TestPageObject -5 log error
2020-07-22 12:49:31.477  {main}  FATAL  TestPageObject -6 log fatal
2020-07-22 12:49:31.915  {main}  INFO   TestPageObject -after method...
2020-07-22 12:49:33.919  {main}  INFO   TestPageObject -before method...
2020-07-22 12:49:34.541  {main}  INFO   BasePage -loggin in home page
2020-07-22 12:49:35.548  {main}  INFO   TestPageObject -after method...
2020-07-22 12:49:37.622  {main}  INFO   TestPageObject -after class...
2020-07-22 12:51:34.743  {main}  INFO   TestPageObject -before class...
2020-07-22 12:51:38.519  {main}  INFO   TestPageObject -before method...
2020-07-22 12:51:40.212  {main}  TRACE  TestPageObject -1 log trace
2020-07-22 12:51:40.212  {main}  DEBUG  TestPageObject -2 log debug
2020-07-22 12:51:40.212  {main}  INFO   TestPageObject -3 log info
2020-07-22 12:51:40.212  {main}  WARN   TestPageObject -4 log warn
2020-07-22 12:51:40.212  {main}  ERROR  TestPageObject -5 log error
2020-07-22 12:51:40.216  {main}  FATAL  TestPageObject -6 log fatal
2020-07-22 12:51:40.653  {main}  INFO   TestPageObject -after method...
2020-07-22 12:51:42.656  {main}  INFO   TestPageObject -before method...
2020-07-22 12:51:43.601  {main}  INFO   BasePage -loggin in home page
2020-07-22 12:51:44.333  {main}  INFO   TestPageObject -after method...
2020-07-22 12:51:46.334  {main}  INFO   TestPageObject -after class...
2020-07-22 12:52:37.567  {main}  INFO   TestPageObject -before class...
2020-07-22 12:52:41.395  {main}  INFO   TestPageObject -before method...
2020-07-22 12:52:42.617  {main}  TRACE  TestPageObject -1 log trace
2020-07-22 12:52:42.617  {main}  DEBUG  TestPageObject -2 log debug
2020-07-22 12:52:42.617  {main}  INFO   TestPageObject -3 log info
2020-07-22 12:52:42.617  {main}  WARN   TestPageObject -4 log warn
2020-07-22 12:52:42.618  {main}  ERROR  TestPageObject -5 log error
2020-07-22 12:52:42.618  {main}  FATAL  TestPageObject -6 log fatal
2020-07-22 12:52:43.034  {main}  INFO   TestPageObject -after method...
2020-07-22 12:52:45.037  {main}  INFO   TestPageObject -before method...
2020-07-22 12:52:45.561  {main}  INFO   BasePage -loggin in home page
2020-07-22 12:52:45.948  {main}  INFO   TestPageObject -after method...
2020-07-22 12:52:47.953  {main}  INFO   TestPageObject -after class...
2020-07-22 13:11:22.186  {main}  INFO   TestPageObject -before class...
2020-07-22 13:11:25.953  {main}  INFO   TestPageObject -before method...
2020-07-22 13:11:30.445  {main}  TRACE  TestPageObject -1 log trace
2020-07-22 13:11:30.445  {main}  DEBUG  TestPageObject -2 log debug
2020-07-22 13:11:30.445  {main}  INFO   TestPageObject -3 log info
2020-07-22 13:11:30.445  {main}  WARN   TestPageObject -4 log warn
2020-07-22 13:11:30.445  {main}  ERROR  TestPageObject -5 log error
2020-07-22 13:11:30.446  {main}  FATAL  TestPageObject -6 log fatal
2020-07-22 13:11:30.886  {main}  INFO   TestPageObject -after method...
2020-07-22 13:11:32.889  {main}  INFO   TestPageObject -before method...
2020-07-22 13:11:33.427  {main}  INFO   BasePage -loggin in home page
2020-07-22 13:11:33.819  {main}  INFO   TestPageObject -after method...
2020-07-22 13:11:35.826  {main}  INFO   TestPageObject -after class...
2020-07-22 13:26:59.296  {main}  INFO   TestPageObject -before class...
2020-07-22 13:27:03.137  {main}  INFO   TestPageObject -before method...
2020-07-22 13:27:04.369  {main}  TRACE  TestPageObject -1 log trace
2020-07-22 13:27:04.369  {main}  DEBUG  TestPageObject -2 log debug
2020-07-22 13:27:04.370  {main}  INFO   TestPageObject -3 log info
2020-07-22 13:27:04.370  {main}  WARN   TestPageObject -4 log warn
2020-07-22 13:27:04.370  {main}  ERROR  TestPageObject -5 log error
2020-07-22 13:27:04.375  {main}  FATAL  TestPageObject -6 log fatal
2020-07-22 13:27:04.819  {main}  INFO   TestPageObject -after method...
2020-07-22 13:27:06.824  {main}  INFO   TestPageObject -before method...
2020-07-22 13:27:07.315  {main}  INFO   BasePage -loggin in home page
2020-07-22 13:27:14.579  {main}  INFO   TestPageObject -after method...
2020-07-22 13:27:16.580  {main}  INFO   TestPageObject -after class...
2020-07-22 13:28:27.316  {main}  INFO   TestPageObject -before class...
2020-07-22 13:28:31.099  {main}  INFO   TestPageObject -before method...
2020-07-22 13:28:32.356  {main}  TRACE  TestPageObject -1 log trace
2020-07-22 13:28:32.356  {main}  DEBUG  TestPageObject -2 log debug
2020-07-22 13:28:32.356  {main}  INFO   TestPageObject -3 log info
2020-07-22 13:28:32.356  {main}  WARN   TestPageObject -4 log warn
2020-07-22 13:28:32.356  {main}  ERROR  TestPageObject -5 log error
2020-07-22 13:28:32.362  {main}  FATAL  TestPageObject -6 log fatal
2020-07-22 13:28:32.795  {main}  INFO   TestPageObject -after method...
2020-07-22 13:28:34.801  {main}  INFO   TestPageObject -before method...
2020-07-22 13:28:36.471  {main}  INFO   BasePage -loggin in home page
2020-07-22 13:28:37.134  {main}  INFO   TestPageObject -after method...
2020-07-22 13:28:39.135  {main}  INFO   TestPageObject -after class...
2020-07-22 13:36:35.915  {main}  INFO   TestPageObject -before class...
2020-07-22 13:36:39.674  {main}  INFO   TestPageObject -before method...
2020-07-22 13:36:41.946  {main}  TRACE  TestPageObject -1 log trace
2020-07-22 13:36:41.946  {main}  DEBUG  TestPageObject -2 log debug
2020-07-22 13:36:41.946  {main}  INFO   TestPageObject -3 log info
2020-07-22 13:36:41.946  {main}  WARN   TestPageObject -4 log warn
2020-07-22 13:36:41.950  {main}  ERROR  TestPageObject -5 log error
2020-07-22 13:36:41.950  {main}  FATAL  TestPageObject -6 log fatal
2020-07-22 13:36:42.372  {main}  INFO   TestPageObject -after method...
2020-07-22 13:36:44.374  {main}  INFO   TestPageObject -before method...
2020-07-22 13:36:44.768  {main}  INFO   BasePage -loggin in home page
2020-07-22 13:36:45.177  {main}  INFO   TestPageObject -after method...
2020-07-22 13:36:47.179  {main}  INFO   TestPageObject -after class...
2020-07-22 13:45:30.995  {main}  INFO   TestPageObject -before class...
2020-07-22 13:45:34.757  {main}  INFO   TestPageObject -before method...
2020-07-22 13:45:36.053  {main}  TRACE  TestPageObject -1 log trace
2020-07-22 13:45:36.054  {main}  DEBUG  TestPageObject -2 log debug
2020-07-22 13:45:36.054  {main}  INFO   TestPageObject -3 log info
2020-07-22 13:45:36.054  {main}  WARN   TestPageObject -4 log warn
2020-07-22 13:45:36.054  {main}  ERROR  TestPageObject -5 log error
2020-07-22 13:45:36.058  {main}  FATAL  TestPageObject -6 log fatal
2020-07-22 13:45:36.460  {main}  INFO   TestPageObject -after method...
2020-07-22 13:45:38.462  {main}  INFO   TestPageObject -before method...
2020-07-22 13:45:39.049  {main}  INFO   BasePage -loggin in home page
2020-07-22 13:45:39.534  {main}  INFO   TestPageObject -after method...
2020-07-22 13:45:41.535  {main}  INFO   TestPageObject -after class...
2020-07-22 14:27:45.191  {main}  INFO   TestPageObject -before class...
2020-07-22 14:27:49.010  {main}  INFO   TestPageObject -before method...
2020-07-22 14:27:50.418  {main}  TRACE  TestPageObject -1 log trace
2020-07-22 14:27:50.418  {main}  DEBUG  TestPageObject -2 log debug
2020-07-22 14:27:50.418  {main}  INFO   TestPageObject -3 log info
2020-07-22 14:27:50.418  {main}  WARN   TestPageObject -4 log warn
2020-07-22 14:27:50.419  {main}  ERROR  TestPageObject -5 log error
2020-07-22 14:27:50.423  {main}  FATAL  TestPageObject -6 log fatal
2020-07-22 14:27:50.844  {main}  INFO   TestPageObject -after method...
2020-07-22 14:27:52.847  {main}  INFO   TestPageObject -before method...
2020-07-22 14:27:53.313  {main}  INFO   BasePage -loggin in home page
2020-07-22 14:27:53.692  {main}  INFO   TestPageObject -after method...
2020-07-22 14:27:55.692  {main}  INFO   TestPageObject -after class...
2020-07-22 14:31:04.056  {main}  INFO   TestPageObject -before class...
2020-07-22 14:31:07.853  {main}  INFO   TestPageObject -before method...
2020-07-22 14:31:09.360  {main}  TRACE  TestPageObject -1 log trace
2020-07-22 14:31:09.360  {main}  DEBUG  TestPageObject -2 log debug
2020-07-22 14:31:09.361  {main}  INFO   TestPageObject -3 log info
2020-07-22 14:31:09.361  {main}  WARN   TestPageObject -4 log warn
2020-07-22 14:31:09.361  {main}  ERROR  TestPageObject -5 log error
2020-07-22 14:31:09.366  {main}  FATAL  TestPageObject -6 log fatal
2020-07-22 14:31:09.765  {main}  INFO   TestPageObject -after method...
2020-07-22 14:31:11.768  {main}  INFO   TestPageObject -before method...
2020-07-22 14:31:12.610  {main}  INFO   BasePage -loggin in home page
2020-07-22 14:31:13.302  {main}  INFO   TestPageObject -after method...
2020-07-22 14:31:15.302  {main}  INFO   TestPageObject -after class...
2020-07-22 14:32:10.078  {main}  INFO   TestPageObject -before class...
2020-07-22 14:32:13.819  {main}  INFO   TestPageObject -before method...
2020-07-22 14:32:15.387  {main}  TRACE  TestPageObject -1 log trace
2020-07-22 14:32:15.387  {main}  DEBUG  TestPageObject -2 log debug
2020-07-22 14:32:15.387  {main}  INFO   TestPageObject -3 log info
2020-07-22 14:32:15.388  {main}  WARN   TestPageObject -4 log warn
2020-07-22 14:32:15.388  {main}  ERROR  TestPageObject -5 log error
2020-07-22 14:32:15.393  {main}  FATAL  TestPageObject -6 log fatal
2020-07-22 14:32:15.785  {main}  INFO   TestPageObject -after method...
2020-07-22 14:32:17.788  {main}  INFO   TestPageObject -before method...
2020-07-22 14:32:18.416  {main}  INFO   BasePage -loggin in home page
2020-07-22 14:32:19.331  {main}  INFO   TestPageObject -after method...
2020-07-22 14:32:21.331  {main}  INFO   TestPageObject -after class...
2020-07-22 14:33:40.017  {main}  INFO   TestPageObject -before class...
2020-07-22 14:33:43.738  {main}  INFO   TestPageObject -before method...
2020-07-22 14:33:45.205  {main}  TRACE  TestPageObject -1 log trace
2020-07-22 14:33:45.205  {main}  DEBUG  TestPageObject -2 log debug
2020-07-22 14:33:45.205  {main}  INFO   TestPageObject -3 log info
2020-07-22 14:33:45.205  {main}  WARN   TestPageObject -4 log warn
2020-07-22 14:33:45.205  {main}  ERROR  TestPageObject -5 log error
2020-07-22 14:33:45.205  {main}  FATAL  TestPageObject -6 log fatal
2020-07-22 14:33:45.603  {main}  INFO   TestPageObject -after method...
2020-07-22 14:33:47.606  {main}  INFO   TestPageObject -before method...
2020-07-22 14:33:48.062  {main}  INFO   BasePage -loggin in home page
2020-07-22 14:33:48.986  {main}  INFO   TestPageObject -after method...
2020-07-22 14:33:50.986  {main}  INFO   TestPageObject -after class...
2020-07-22 14:34:18.901  {main}  INFO   TestPageObject -before class...
2020-07-22 14:34:22.629  {main}  INFO   TestPageObject -before method...
2020-07-22 14:34:23.793  {main}  TRACE  TestPageObject -1 log trace
2020-07-22 14:34:23.793  {main}  DEBUG  TestPageObject -2 log debug
2020-07-22 14:34:23.793  {main}  INFO   TestPageObject -3 log info
2020-07-22 14:34:23.793  {main}  WARN   TestPageObject -4 log warn
2020-07-22 14:34:23.793  {main}  ERROR  TestPageObject -5 log error
2020-07-22 14:34:23.794  {main}  FATAL  TestPageObject -6 log fatal
2020-07-22 14:34:24.208  {main}  INFO   TestPageObject -after method...
2020-07-22 14:34:26.212  {main}  INFO   TestPageObject -before method...
2020-07-22 14:34:26.722  {main}  INFO   BasePage -loggin in home page
2020-07-22 14:34:27.213  {main}  INFO   TestPageObject -after method...
2020-07-22 14:34:29.215  {main}  INFO   TestPageObject -after class...
2020-07-22 14:38:20.419  {main}  INFO   TestPageObject -before class...
2020-07-22 14:38:24.150  {main}  INFO   TestPageObject -before method...
2020-07-22 14:38:25.536  {main}  TRACE  TestPageObject -1 log trace
2020-07-22 14:38:25.536  {main}  DEBUG  TestPageObject -2 log debug
2020-07-22 14:38:25.536  {main}  INFO   TestPageObject -3 log info
2020-07-22 14:38:25.536  {main}  WARN   TestPageObject -4 log warn
2020-07-22 14:38:25.536  {main}  ERROR  TestPageObject -5 log error
2020-07-22 14:38:25.536  {main}  FATAL  TestPageObject -6 log fatal
2020-07-22 14:38:25.939  {main}  INFO   TestPageObject -after method...
2020-07-22 14:38:27.941  {main}  INFO   TestPageObject -before method...
2020-07-22 14:38:28.749  {main}  INFO   BasePage -loggin in home page
2020-07-22 14:38:29.224  {main}  INFO   TestPageObject -after method...
2020-07-22 14:38:31.227  {main}  INFO   TestPageObject -after class...
2020-07-22 14:39:55.708  {main}  INFO   TestPageObject -before class...
2020-07-22 14:39:59.495  {main}  INFO   TestPageObject -before method...
2020-07-22 14:40:00.656  {main}  INFO   TestPageObject -after method...
2020-07-22 14:40:02.658  {main}  INFO   TestPageObject -before method...
2020-07-22 14:40:03.233  {main}  INFO   BasePage -loggin in home page
2020-07-22 14:40:03.631  {main}  INFO   TestPageObject -after method...
2020-07-22 14:40:05.632  {main}  INFO   TestPageObject -after class...
2020-07-22 14:40:33.435  {main}  INFO   TestPageObject -before class...
2020-07-22 14:40:37.169  {main}  INFO   TestPageObject -before method...
2020-07-22 14:40:38.466  {main}  INFO   TestPageObject -after method...
2020-07-22 14:40:40.467  {main}  INFO   TestPageObject -before method...
2020-07-22 14:40:41.090  {main}  INFO   BasePage -loggin in home page
2020-07-22 14:40:42.094  {main}  INFO   TestPageObject -after method...
2020-07-22 14:40:44.095  {main}  INFO   TestPageObject -after class...
2020-07-22 14:41:19.335  {main}  INFO   TestPageObject -before class...
2020-07-22 14:41:23.073  {main}  INFO   TestPageObject -before method...
2020-07-22 14:41:24.675  {main}  INFO   TestPageObject -after method...
2020-07-22 14:41:26.677  {main}  INFO   TestPageObject -before method...
2020-07-22 14:41:29.787  {main}  INFO   BasePage -loggin in home page
2020-07-22 14:41:30.595  {main}  INFO   TestPageObject -after method...
2020-07-22 14:41:32.609  {main}  INFO   TestPageObject -after class...
2020-07-22 14:41:55.918  {main}  INFO   TestPageObject -before class...
2020-07-22 14:41:59.653  {main}  INFO   TestPageObject -before method...
2020-07-22 14:42:01.164  {main}  INFO   TestPageObject -after method...
2020-07-22 14:42:03.166  {main}  INFO   TestPageObject -before method...
2020-07-22 14:42:03.857  {main}  INFO   BasePage -loggin in home page
2020-07-22 14:42:04.618  {main}  INFO   TestPageObject -after method...
2020-07-22 14:42:06.619  {main}  INFO   TestPageObject -after class...
2020-07-22 14:42:39.225  {main}  INFO   TestPageObject -before class...
2020-07-22 14:42:43.017  {main}  INFO   TestPageObject -before method...
2020-07-22 14:42:44.133  {main}  INFO   TestPageObject -after method...
2020-07-22 14:42:46.135  {main}  INFO   TestPageObject -before method...
2020-07-22 14:42:46.859  {main}  INFO   BasePage -loggin in home page
2020-07-22 14:42:47.329  {main}  INFO   TestPageObject -after method...
2020-07-22 14:42:49.330  {main}  INFO   TestPageObject -after class...
2020-07-22 14:43:32.826  {main}  INFO   TestPageObject -before class...
2020-07-22 14:43:36.572  {main}  INFO   TestPageObject -before method...
2020-07-22 14:43:38.250  {main}  INFO   TestPageObject -after method...
2020-07-22 14:43:40.253  {main}  INFO   TestPageObject -before method...
2020-07-22 14:43:40.663  {main}  INFO   BasePage -loggin in home page
2020-07-22 14:43:42.247  {main}  INFO   TestPageObject -after method...
2020-07-22 14:43:44.249  {main}  INFO   TestPageObject -after class...
2020-07-22 14:45:08.949  {main}  INFO   TestPageObject -before class...
2020-07-22 14:45:12.682  {main}  INFO   TestPageObject -before method...
2020-07-22 14:45:14.006  {main}  TRACE  TestPageObject -1 log trace
2020-07-22 14:45:14.006  {main}  DEBUG  TestPageObject -2 log debug
2020-07-22 14:45:14.006  {main}  INFO   TestPageObject -3 log info
2020-07-22 14:45:14.006  {main}  WARN   TestPageObject -4 log warn
2020-07-22 14:45:14.006  {main}  ERROR  TestPageObject -5 log error
2020-07-22 14:45:14.011  {main}  FATAL  TestPageObject -6 log fatal
2020-07-22 14:45:14.409  {main}  INFO   TestPageObject -after method...
2020-07-22 14:45:16.411  {main}  INFO   TestPageObject -before method...
2020-07-22 14:45:17.004  {main}  INFO   BasePage -loggin in home page
2020-07-22 14:45:17.805  {main}  INFO   TestPageObject -after method...
2020-07-22 14:45:19.806  {main}  INFO   TestPageObject -after class...
2020-07-22 15:13:39.753  {main}  INFO   TestPageObject -before class...
2020-07-22 15:13:43.540  {main}  INFO   TestPageObject -before method...
2020-07-22 15:13:45.174  {main}  TRACE  TestPageObject -1 log trace
2020-07-22 15:13:45.175  {main}  DEBUG  TestPageObject -2 log debug
2020-07-22 15:13:45.175  {main}  INFO   TestPageObject -3 log info
2020-07-22 15:13:45.175  {main}  WARN   TestPageObject -4 log warn
2020-07-22 15:13:45.175  {main}  ERROR  TestPageObject -5 log error
2020-07-22 15:13:45.179  {main}  FATAL  TestPageObject -6 log fatal
2020-07-22 15:13:45.627  {main}  INFO   TestPageObject -after method...
2020-07-22 15:13:47.629  {main}  INFO   TestPageObject -before method...
2020-07-22 15:13:48.598  {main}  INFO   BasePage -loggin in home page
2020-07-22 15:13:49.467  {main}  INFO   TestPageObject -after method...
2020-07-22 15:13:51.468  {main}  INFO   TestPageObject -after class...
2020-07-22 15:23:05.365  {main}  INFO   TestPageObject -before class...
2020-07-22 15:23:09.093  {main}  INFO   TestPageObject -before method...
2020-07-22 15:23:11.710  {main}  TRACE  TestPageObject -1 log trace
2020-07-22 15:23:11.710  {main}  DEBUG  TestPageObject -2 log debug
2020-07-22 15:23:11.710  {main}  INFO   TestPageObject -3 log info
2020-07-22 15:23:11.711  {main}  WARN   TestPageObject -4 log warn
2020-07-22 15:23:11.711  {main}  ERROR  TestPageObject -5 log error
2020-07-22 15:23:11.711  {main}  FATAL  TestPageObject -6 log fatal
2020-07-22 15:23:12.111  {main}  INFO   TestPageObject -after method...
2020-07-22 15:23:14.113  {main}  INFO   TestPageObject -before method...
2020-07-22 15:23:14.902  {main}  INFO   BasePage -loggin in home page
2020-07-22 15:23:15.425  {main}  INFO   TestPageObject -after method...
2020-07-22 15:23:17.427  {main}  INFO   TestPageObject -after class...
2020-07-22 15:23:41.418  {main}  INFO   TestPageObject -before class...
2020-07-22 15:23:45.198  {main}  INFO   TestPageObject -before method...
2020-07-22 15:23:46.338  {main}  TRACE  TestPageObject -1 log trace
2020-07-22 15:23:46.338  {main}  DEBUG  TestPageObject -2 log debug
2020-07-22 15:23:46.338  {main}  INFO   TestPageObject -3 log info
2020-07-22 15:23:46.338  {main}  WARN   TestPageObject -4 log warn
2020-07-22 15:23:46.338  {main}  ERROR  TestPageObject -5 log error
2020-07-22 15:23:46.338  {main}  FATAL  TestPageObject -6 log fatal
2020-07-22 15:23:46.740  {main}  INFO   TestPageObject -after method...
2020-07-22 15:23:48.742  {main}  INFO   TestPageObject -before method...
2020-07-22 15:23:49.206  {main}  INFO   BasePage -loggin in home page
2020-07-22 15:23:49.602  {main}  INFO   TestPageObject -after method...
2020-07-22 15:23:51.611  {main}  INFO   TestPageObject -after class...
2020-07-22 15:24:36.214  {main}  INFO   TestPageObject -before class...
2020-07-22 15:24:39.999  {main}  INFO   TestPageObject -before method...
2020-07-22 15:24:41.708  {main}  INFO   TestPageObject -after method...
2020-07-22 15:24:43.710  {main}  INFO   TestPageObject -before method...
2020-07-22 15:24:44.125  {main}  INFO   BasePage -loggin in home page
2020-07-22 15:24:44.553  {main}  INFO   TestPageObject -after method...
2020-07-22 15:24:46.555  {main}  INFO   TestPageObject -after class...
2020-07-22 15:25:05.835  {main}  INFO   TestPageObject -before class...
2020-07-22 15:25:09.566  {main}  INFO   TestPageObject -before method...
2020-07-22 15:25:10.843  {main}  INFO   TestPageObject -after method...
2020-07-22 15:25:12.845  {main}  INFO   TestPageObject -before method...
2020-07-22 15:25:13.501  {main}  INFO   BasePage -loggin in home page
2020-07-22 15:25:13.967  {main}  INFO   TestPageObject -after method...
2020-07-22 15:25:15.968  {main}  INFO   TestPageObject -after class...
2020-07-22 15:25:51.357  {main}  INFO   TestPageObject -before class...
2020-07-22 15:26:03.106  {main}  INFO   TestPageObject -before class...
2020-07-22 15:26:06.932  {main}  INFO   TestPageObject -before method...
2020-07-22 15:26:12.228  {main}  INFO   TestPageObject -after method...
2020-07-22 15:26:14.232  {main}  INFO   TestPageObject -before method...
2020-07-22 15:26:15.042  {main}  INFO   BasePage -loggin in home page
2020-07-22 15:26:15.722  {main}  INFO   TestPageObject -after method...
2020-07-22 15:26:17.722  {main}  INFO   TestPageObject -after class...
2020-07-22 15:26:42.819  {main}  INFO   TestPageObject -before class...
2020-07-22 15:26:46.553  {main}  INFO   TestPageObject -before method...
2020-07-22 15:26:49.967  {main}  INFO   TestPageObject -after method...
2020-07-22 15:26:51.968  {main}  INFO   TestPageObject -before method...
2020-07-22 15:26:52.550  {main}  INFO   BasePage -loggin in home page
2020-07-22 15:26:53.413  {main}  INFO   TestPageObject -after method...
2020-07-22 15:26:55.414  {main}  INFO   TestPageObject -after class...
2020-07-22 15:28:05.581  {main}  INFO   TestPageObject -before class...
2020-07-22 15:28:09.408  {main}  INFO   TestPageObject -before method...
2020-07-22 15:28:11.110  {main}  TRACE  TestPageObject -1 log trace
2020-07-22 15:28:11.110  {main}  DEBUG  TestPageObject -2 log debug
2020-07-22 15:28:11.110  {main}  INFO   TestPageObject -3 log info
2020-07-22 15:28:11.110  {main}  WARN   TestPageObject -4 log warn
2020-07-22 15:28:11.111  {main}  ERROR  TestPageObject -5 log error
2020-07-22 15:28:11.115  {main}  FATAL  TestPageObject -6 log fatal
2020-07-22 15:28:11.564  {main}  INFO   TestPageObject -after method...
2020-07-22 15:28:13.567  {main}  INFO   TestPageObject -before method...
2020-07-22 15:28:14.265  {main}  INFO   BasePage -loggin in home page
2020-07-22 15:28:14.777  {main}  INFO   TestPageObject -after method...
2020-07-22 15:28:16.779  {main}  INFO   TestPageObject -after class...
2020-07-22 15:36:52.905  {main}  INFO   TestPageObject -before class...
2020-07-22 15:36:57.187  {main}  INFO   TestPageObject -before method...
