2020-07-24 07:53:15.764  {main}  INFO   TestPageObject -before class...
2020-07-24 07:53:20.184  {main}  INFO   TestPageObject -before method...
2020-07-24 07:53:22.587  {main}  TRACE  TestPageObject -1 log trace
2020-07-24 07:53:22.588  {main}  DEBUG  TestPageObject -2 log debug
2020-07-24 07:53:22.588  {main}  INFO   TestPageObject -3 log info
2020-07-24 07:53:22.588  {main}  WARN   TestPageObject -4 log warn
2020-07-24 07:53:22.589  {main}  ERROR  TestPageObject -5 log error
2020-07-24 07:53:22.589  {main}  FATAL  TestPageObject -6 log fatal
2020-07-24 07:53:23.122  {main}  INFO   TestPageObject -after method...
2020-07-24 07:53:25.124  {main}  INFO   TestPageObject -before method...
2020-07-24 07:53:25.683  {main}  INFO   BasePage -loggin in home page
2020-07-24 07:53:26.242  {main}  INFO   TestPageObject -after method...
2020-07-24 07:53:28.244  {main}  INFO   TestPageObject -after class...
2020-07-24 10:58:45.571  {main}  INFO   TestPageObject -before class...
2020-07-24 10:58:49.959  {main}  INFO   TestPageObject -before method...
2020-07-24 10:58:52.954  {main}  TRACE  TestPageObject -1 log trace
2020-07-24 10:58:52.954  {main}  DEBUG  TestPageObject -2 log debug
2020-07-24 10:58:52.957  {main}  INFO   TestPageObject -3 log info
2020-07-24 10:58:52.958  {main}  WARN   TestPageObject -4 log warn
2020-07-24 10:58:52.958  {main}  ERROR  TestPageObject -5 log error
2020-07-24 10:58:52.958  {main}  FATAL  TestPageObject -6 log fatal
2020-07-24 10:58:53.480  {main}  INFO   TestPageObject -after method...
2020-07-24 10:58:55.488  {main}  INFO   TestPageObject -before method...
2020-07-24 10:58:56.770  {main}  INFO   BasePage -loggin in home page
2020-07-24 10:58:57.932  {main}  INFO   TestPageObject -after method...
2020-07-24 10:58:59.935  {main}  INFO   TestPageObject -after class...
2020-07-24 11:39:32.787  {main}  INFO   TestPageObject -before class...
2020-07-24 11:39:37.148  {main}  INFO   TestPageObject -before method...
2020-07-24 11:39:40.468  {main}  TRACE  TestPageObject -1 log trace
2020-07-24 11:39:40.468  {main}  DEBUG  TestPageObject -2 log debug
2020-07-24 11:39:40.469  {main}  INFO   TestPageObject -3 log info
2020-07-24 11:39:40.469  {main}  WARN   TestPageObject -4 log warn
2020-07-24 11:39:40.469  {main}  ERROR  TestPageObject -5 log error
2020-07-24 11:39:40.470  {main}  FATAL  TestPageObject -6 log fatal
2020-07-24 11:39:41.121  {main}  INFO   TestPageObject -after method...
2020-07-24 11:39:43.129  {main}  INFO   TestPageObject -before method...
2020-07-24 11:39:43.867  {main}  INFO   BasePage -loggin in home page
2020-07-24 11:39:45.719  {main}  INFO   TestPageObject -after method...
2020-07-24 11:39:47.720  {main}  INFO   TestPageObject -after class...
