2020-06-13 18:58:06.769  {main}  INFO   TestPageObject -before class...
2020-06-13 18:58:10.488  {main}  INFO   TestPageObject -before method...
2020-06-13 18:58:14.009  {main}  TRACE  TestPageObject -1 log trace
2020-06-13 18:58:14.010  {main}  DEBUG  TestPageObject -2 log debug
2020-06-13 18:58:14.010  {main}  INFO   TestPageObject -3 log info
2020-06-13 18:58:14.010  {main}  WARN   TestPageObject -4 log warn
2020-06-13 18:58:14.010  {main}  ERROR  TestPageObject -5 log error
2020-06-13 18:58:14.010  {main}  FATAL  TestPageObject -6 log fatal
2020-06-13 18:58:14.446  {main}  INFO   TestPageObject -after method...
2020-06-13 18:58:16.449  {main}  INFO   TestPageObject -before method...
2020-06-13 18:58:17.351  {main}  INFO   BasePage -loggin in home page
2020-06-13 18:58:18.748  {main}  INFO   TestPageObject -after method...
2020-06-13 18:58:20.749  {main}  INFO   TestPageObject -after class...
2020-06-13 21:48:56.892  {main}  INFO   TestPageObject -before class...
2020-06-13 21:49:00.975  {main}  INFO   TestPageObject -before method...
2020-06-13 21:49:05.177  {main}  TRACE  TestPageObject -1 log trace
2020-06-13 21:49:05.177  {main}  DEBUG  TestPageObject -2 log debug
2020-06-13 21:49:05.181  {main}  INFO   TestPageObject -3 log info
2020-06-13 21:49:05.181  {main}  WARN   TestPageObject -4 log warn
2020-06-13 21:49:05.181  {main}  ERROR  TestPageObject -5 log error
2020-06-13 21:49:05.181  {main}  FATAL  TestPageObject -6 log fatal
2020-06-13 21:49:05.831  {main}  INFO   TestPageObject -after method...
2020-06-13 21:49:07.833  {main}  INFO   TestPageObject -before method...
2020-06-13 21:49:08.612  {main}  INFO   BasePage -loggin in home page
2020-06-13 21:49:09.332  {main}  INFO   TestPageObject -after method...
2020-06-13 21:49:11.335  {main}  INFO   TestPageObject -after class...
