2020-06-14 16:11:05.391  {main}  INFO   TestPageObject -before class...
2020-06-14 16:11:09.800  {main}  INFO   TestPageObject -before method...
2020-06-14 16:11:12.007  {main}  TRACE  TestPageObject -1 log trace
2020-06-14 16:11:12.015  {main}  DEBUG  TestPageObject -2 log debug
2020-06-14 16:11:12.015  {main}  INFO   TestPageObject -3 log info
2020-06-14 16:11:12.015  {main}  WARN   TestPageObject -4 log warn
2020-06-14 16:11:12.015  {main}  ERROR  TestPageObject -5 log error
2020-06-14 16:11:12.015  {main}  FATAL  TestPageObject -6 log fatal
2020-06-14 16:11:12.737  {main}  INFO   TestPageObject -after method...
2020-06-14 16:11:14.743  {main}  INFO   TestPageObject -before method...
2020-06-14 16:11:15.777  {main}  INFO   BasePage -loggin in home page
2020-06-14 16:11:16.636  {main}  INFO   TestPageObject -after method...
2020-06-14 16:11:18.639  {main}  INFO   TestPageObject -after class...
2020-06-14 16:13:21.577  {main}  INFO   TestPageObject -before class...
2020-06-14 16:13:25.712  {main}  INFO   TestPageObject -before method...
2020-06-14 16:13:27.898  {main}  TRACE  TestPageObject -1 log trace
2020-06-14 16:13:27.898  {main}  DEBUG  TestPageObject -2 log debug
2020-06-14 16:13:27.902  {main}  INFO   TestPageObject -3 log info
2020-06-14 16:13:27.902  {main}  WARN   TestPageObject -4 log warn
2020-06-14 16:13:27.902  {main}  ERROR  TestPageObject -5 log error
2020-06-14 16:13:27.902  {main}  FATAL  TestPageObject -6 log fatal
2020-06-14 16:13:28.571  {main}  INFO   TestPageObject -after method...
2020-06-14 16:13:30.576  {main}  INFO   TestPageObject -before method...
2020-06-14 16:13:31.317  {main}  INFO   BasePage -loggin in home page
2020-06-14 16:13:32.045  {main}  INFO   TestPageObject -after method...
2020-06-14 16:13:34.051  {main}  INFO   TestPageObject -after class...
2020-06-14 16:14:12.327  {main}  INFO   TestPageObject -before class...
2020-06-14 16:14:16.513  {main}  INFO   TestPageObject -before method...
2020-06-14 16:14:18.346  {main}  TRACE  TestPageObject -1 log trace
2020-06-14 16:14:18.346  {main}  DEBUG  TestPageObject -2 log debug
2020-06-14 16:14:18.346  {main}  INFO   TestPageObject -3 log info
2020-06-14 16:14:18.346  {main}  WARN   TestPageObject -4 log warn
2020-06-14 16:14:18.346  {main}  ERROR  TestPageObject -5 log error
2020-06-14 16:14:18.354  {main}  FATAL  TestPageObject -6 log fatal
2020-06-14 16:14:19.039  {main}  INFO   TestPageObject -after method...
2020-06-14 16:14:21.043  {main}  INFO   TestPageObject -before method...
2020-06-14 16:14:21.745  {main}  INFO   BasePage -loggin in home page
2020-06-14 16:14:22.472  {main}  INFO   TestPageObject -after method...
2020-06-14 16:14:24.473  {main}  INFO   TestPageObject -after class...
2020-06-14 17:54:55.877  {main}  INFO   TestPageObject -before class...
2020-06-14 17:54:59.821  {main}  INFO   TestPageObject -before method...
2020-06-14 17:55:01.974  {main}  TRACE  TestPageObject -1 log trace
2020-06-14 17:55:01.975  {main}  DEBUG  TestPageObject -2 log debug
2020-06-14 17:55:01.975  {main}  INFO   TestPageObject -3 log info
2020-06-14 17:55:01.975  {main}  WARN   TestPageObject -4 log warn
2020-06-14 17:55:01.975  {main}  ERROR  TestPageObject -5 log error
2020-06-14 17:55:01.975  {main}  FATAL  TestPageObject -6 log fatal
2020-06-14 17:55:02.465  {main}  INFO   TestPageObject -after method...
2020-06-14 17:55:04.474  {main}  INFO   TestPageObject -before method...
2020-06-14 17:55:05.250  {main}  INFO   BasePage -loggin in home page
2020-06-14 17:55:06.745  {main}  INFO   TestPageObject -after method...
2020-06-14 17:55:08.747  {main}  INFO   TestPageObject -after class...
