2020-07-26 08:33:36.098  {main}  INFO   TestPageObject -before class...
2020-07-26 08:33:40.442  {main}  INFO   TestPageObject -before method...
2020-07-26 08:33:44.312  {main}  TRACE  TestPageObject -1 log trace
2020-07-26 08:33:44.321  {main}  DEBUG  TestPageObject -2 log debug
2020-07-26 08:33:44.321  {main}  INFO   TestPageObject -3 log info
2020-07-26 08:33:44.321  {main}  WARN   TestPageObject -4 log warn
2020-07-26 08:33:44.321  {main}  ERROR  TestPageObject -5 log error
2020-07-26 08:33:44.321  {main}  FATAL  TestPageObject -6 log fatal
2020-07-26 08:33:44.880  {main}  INFO   TestPageObject -after method...
2020-07-26 08:33:46.891  {main}  INFO   TestPageObject -before method...
2020-07-26 08:33:48.316  {main}  INFO   BasePage -loggin in home page
2020-07-26 08:33:51.121  {main}  INFO   TestPageObject -after method...
2020-07-26 08:33:53.123  {main}  INFO   TestPageObject -after class...
2020-07-26 08:34:32.626  {main}  INFO   TestPageObject -before class...
2020-07-26 08:34:36.861  {main}  INFO   TestPageObject -before method...
2020-07-26 08:34:40.926  {main}  TRACE  TestPageObject -1 log trace
2020-07-26 08:34:40.926  {main}  DEBUG  TestPageObject -2 log debug
2020-07-26 08:34:40.926  {main}  INFO   TestPageObject -3 log info
2020-07-26 08:34:40.929  {main}  WARN   TestPageObject -4 log warn
2020-07-26 08:34:40.935  {main}  ERROR  TestPageObject -5 log error
2020-07-26 08:34:40.935  {main}  FATAL  TestPageObject -6 log fatal
2020-07-26 08:34:41.463  {main}  INFO   TestPageObject -after method...
2020-07-26 08:34:43.468  {main}  INFO   TestPageObject -before method...
2020-07-26 08:34:44.691  {main}  INFO   BasePage -loggin in home page
2020-07-26 08:34:45.580  {main}  INFO   TestPageObject -after method...
2020-07-26 08:34:47.583  {main}  INFO   TestPageObject -after class...
2020-07-26 08:35:39.643  {main}  INFO   TestPageObject -before class...
2020-07-26 08:35:44.008  {main}  INFO   TestPageObject -before method...
2020-07-26 08:35:48.734  {main}  TRACE  TestPageObject -1 log trace
2020-07-26 08:35:48.734  {main}  DEBUG  TestPageObject -2 log debug
2020-07-26 08:35:48.734  {main}  INFO   TestPageObject -3 log info
2020-07-26 08:35:48.737  {main}  WARN   TestPageObject -4 log warn
2020-07-26 08:35:48.743  {main}  ERROR  TestPageObject -5 log error
2020-07-26 08:35:48.743  {main}  FATAL  TestPageObject -6 log fatal
2020-07-26 08:35:49.236  {main}  INFO   TestPageObject -after method...
2020-07-26 08:35:51.240  {main}  INFO   TestPageObject -before method...
2020-07-26 08:35:53.580  {main}  INFO   BasePage -loggin in home page
2020-07-26 08:35:55.209  {main}  INFO   TestPageObject -after method...
2020-07-26 08:35:57.213  {main}  INFO   TestPageObject -after class...
2020-07-26 08:47:52.410  {main}  INFO   TestPageObject -before class...
2020-07-26 08:47:56.684  {main}  INFO   TestPageObject -before method...
2020-07-26 08:48:03.304  {main}  TRACE  TestPageObject -1 log trace
2020-07-26 08:48:03.304  {main}  DEBUG  TestPageObject -2 log debug
2020-07-26 08:48:03.308  {main}  INFO   TestPageObject -3 log info
2020-07-26 08:48:03.308  {main}  WARN   TestPageObject -4 log warn
2020-07-26 08:48:03.308  {main}  ERROR  TestPageObject -5 log error
2020-07-26 08:48:03.308  {main}  FATAL  TestPageObject -6 log fatal
2020-07-26 08:48:03.865  {main}  INFO   TestPageObject -after method...
2020-07-26 08:48:05.869  {main}  INFO   TestPageObject -before method...
2020-07-26 08:48:08.045  {main}  INFO   BasePage -loggin in home page
2020-07-26 08:48:09.160  {main}  INFO   TestPageObject -after method...
2020-07-26 08:48:11.163  {main}  INFO   TestPageObject -after class...
2020-07-26 09:47:25.332  {main}  INFO   TestPageObject -before class...
2020-07-26 09:47:29.559  {main}  INFO   TestPageObject -before method...
2020-07-26 09:47:36.874  {main}  TRACE  TestPageObject -1 log trace
2020-07-26 09:47:36.874  {main}  DEBUG  TestPageObject -2 log debug
2020-07-26 09:47:36.874  {main}  INFO   TestPageObject -3 log info
2020-07-26 09:47:36.874  {main}  WARN   TestPageObject -4 log warn
2020-07-26 09:47:36.874  {main}  ERROR  TestPageObject -5 log error
2020-07-26 09:47:36.874  {main}  FATAL  TestPageObject -6 log fatal
2020-07-26 09:47:37.427  {main}  INFO   TestPageObject -after method...
2020-07-26 09:47:39.429  {main}  INFO   TestPageObject -before method...
2020-07-26 09:47:40.887  {main}  INFO   BasePage -loggin in home page
2020-07-26 09:47:41.884  {main}  INFO   TestPageObject -after method...
2020-07-26 09:47:43.902  {main}  INFO   TestPageObject -after class...
2020-07-26 09:48:02.755  {main}  INFO   TestPageObject -before class...
2020-07-26 09:48:07.518  {main}  INFO   TestPageObject -before method...
2020-07-26 09:48:11.755  {main}  TRACE  TestPageObject -1 log trace
2020-07-26 09:48:11.755  {main}  DEBUG  TestPageObject -2 log debug
2020-07-26 09:48:11.755  {main}  INFO   TestPageObject -3 log info
2020-07-26 09:48:11.755  {main}  WARN   TestPageObject -4 log warn
2020-07-26 09:48:11.755  {main}  ERROR  TestPageObject -5 log error
2020-07-26 09:48:11.755  {main}  FATAL  TestPageObject -6 log fatal
2020-07-26 09:48:12.338  {main}  INFO   TestPageObject -after method...
2020-07-26 09:48:14.341  {main}  INFO   TestPageObject -before method...
2020-07-26 09:48:15.210  {main}  INFO   BasePage -loggin in home page
2020-07-26 09:48:16.129  {main}  INFO   TestPageObject -after method...
2020-07-26 09:48:18.144  {main}  INFO   TestPageObject -after class...
