2020-06-30 13:58:11.540  {main}  INFO   TestPageObject -before class...
2020-06-30 14:03:53.927  {main}  INFO   TestPageObject -before class...
2020-06-30 14:09:14.783  {main}  INFO   TestPageObject -before class...
2020-06-30 14:09:18.604  {main}  INFO   TestPageObject -before method...
2020-06-30 14:09:22.504  {main}  TRACE  TestPageObject -1 log trace
2020-06-30 14:09:22.504  {main}  DEBUG  TestPageObject -2 log debug
2020-06-30 14:09:22.504  {main}  INFO   TestPageObject -3 log info
2020-06-30 14:09:22.505  {main}  WARN   TestPageObject -4 log warn
2020-06-30 14:09:22.505  {main}  ERROR  TestPageObject -5 log error
2020-06-30 14:09:22.505  {main}  FATAL  TestPageObject -6 log fatal
2020-06-30 14:09:22.932  {main}  INFO   TestPageObject -after method...
2020-06-30 14:09:24.936  {main}  INFO   TestPageObject -before method...
2020-06-30 14:09:26.003  {main}  INFO   BasePage -loggin in home page
2020-06-30 14:09:30.120  {main}  INFO   TestPageObject -after method...
2020-06-30 14:09:32.122  {main}  INFO   TestPageObject -after class...
2020-06-30 14:26:33.105  {main}  INFO   TestPageObject -before class...
2020-06-30 14:26:36.833  {main}  INFO   TestPageObject -before method...
2020-06-30 14:26:39.904  {main}  TRACE  TestPageObject -1 log trace
2020-06-30 14:26:39.904  {main}  DEBUG  TestPageObject -2 log debug
2020-06-30 14:26:39.904  {main}  INFO   TestPageObject -3 log info
2020-06-30 14:26:39.904  {main}  WARN   TestPageObject -4 log warn
2020-06-30 14:26:39.904  {main}  ERROR  TestPageObject -5 log error
2020-06-30 14:26:39.904  {main}  FATAL  TestPageObject -6 log fatal
2020-06-30 14:26:40.329  {main}  INFO   TestPageObject -after method...
2020-06-30 14:26:42.331  {main}  INFO   TestPageObject -before method...
2020-06-30 14:26:49.727  {main}  INFO   BasePage -loggin in home page
2020-06-30 14:26:51.156  {main}  INFO   TestPageObject -after method...
2020-06-30 14:26:53.156  {main}  INFO   TestPageObject -after class...
2020-06-30 14:28:20.653  {main}  INFO   TestPageObject -before class...
2020-06-30 14:28:55.137  {main}  INFO   TestPageObject -before class...
2020-06-30 14:32:32.164  {main}  INFO   TestPageObject -before class...
2020-06-30 14:35:40.578  {main}  INFO   TestPageObject -before class...
2020-06-30 14:37:10.462  {main}  INFO   TestPageObject -before class...
2020-06-30 14:37:53.701  {main}  INFO   TestPageObject -before class...
2020-06-30 14:39:08.262  {main}  INFO   TestPageObject -before class...
2020-06-30 14:43:04.870  {main}  INFO   TestPageObject -before class...
2020-06-30 14:44:09.713  {main}  INFO   TestPageObject -before class...
2020-06-30 14:45:40.955  {main}  INFO   TestPageObject -before class...
2020-06-30 14:49:49.072  {main}  INFO   TestPageObject -before class...
2020-06-30 14:51:31.332  {main}  INFO   TestPageObject -before class...
2020-06-30 14:51:35.115  {main}  INFO   TestPageObject -before method...
2020-06-30 14:51:39.052  {main}  TRACE  TestPageObject -1 log trace
2020-06-30 14:51:39.052  {main}  DEBUG  TestPageObject -2 log debug
2020-06-30 14:51:39.053  {main}  INFO   TestPageObject -3 log info
2020-06-30 14:51:39.053  {main}  WARN   TestPageObject -4 log warn
2020-06-30 14:51:39.053  {main}  ERROR  TestPageObject -5 log error
2020-06-30 14:51:39.053  {main}  FATAL  TestPageObject -6 log fatal
2020-06-30 14:51:39.512  {main}  INFO   TestPageObject -after method...
2020-06-30 14:51:41.514  {main}  INFO   TestPageObject -before method...
2020-06-30 14:51:46.880  {main}  INFO   BasePage -loggin in home page
2020-06-30 14:51:48.060  {main}  INFO   TestPageObject -after method...
2020-06-30 14:51:50.061  {main}  INFO   TestPageObject -after class...
2020-06-30 14:52:40.396  {main}  INFO   TestPageObject -before class...
2020-06-30 14:56:07.082  {main}  INFO   TestPageObject -before class...
2020-06-30 14:56:10.752  {main}  INFO   TestPageObject -before method...
2020-06-30 14:56:20.822  {main}  TRACE  TestPageObject -1 log trace
2020-06-30 14:56:20.822  {main}  DEBUG  TestPageObject -2 log debug
2020-06-30 14:56:20.822  {main}  INFO   TestPageObject -3 log info
2020-06-30 14:56:20.822  {main}  WARN   TestPageObject -4 log warn
2020-06-30 14:56:20.822  {main}  ERROR  TestPageObject -5 log error
2020-06-30 14:56:20.822  {main}  FATAL  TestPageObject -6 log fatal
2020-06-30 14:56:21.252  {main}  INFO   TestPageObject -after method...
2020-06-30 14:56:23.255  {main}  INFO   TestPageObject -before method...
2020-06-30 14:56:24.037  {main}  INFO   BasePage -loggin in home page
2020-06-30 14:56:25.494  {main}  INFO   TestPageObject -after method...
2020-06-30 14:56:27.495  {main}  INFO   TestPageObject -after class...
2020-06-30 14:57:05.250  {main}  INFO   TestPageObject -before class...
2020-06-30 14:57:08.928  {main}  INFO   TestPageObject -before method...
2020-06-30 14:57:18.113  {main}  TRACE  TestPageObject -1 log trace
2020-06-30 14:57:18.113  {main}  DEBUG  TestPageObject -2 log debug
2020-06-30 14:57:18.113  {main}  INFO   TestPageObject -3 log info
2020-06-30 14:57:18.113  {main}  WARN   TestPageObject -4 log warn
2020-06-30 14:57:18.113  {main}  ERROR  TestPageObject -5 log error
2020-06-30 14:57:18.114  {main}  FATAL  TestPageObject -6 log fatal
2020-06-30 14:57:18.586  {main}  INFO   TestPageObject -after method...
2020-06-30 14:57:20.589  {main}  INFO   TestPageObject -before method...
2020-06-30 14:57:21.995  {main}  INFO   BasePage -loggin in home page
2020-06-30 14:57:23.737  {main}  INFO   TestPageObject -after method...
2020-06-30 14:57:25.737  {main}  INFO   TestPageObject -after class...
