2020-09-28 07:49:55.907  {main}  INFO   TestPageObject -before class...
2020-09-28 07:50:08.517  {main}  INFO   TestPageObject -before class...
2020-09-28 07:51:11.100  {main}  INFO   TestPageObject -before class...
2020-09-28 07:51:23.578  {main}  INFO   TestPageObject -before class...
2020-09-28 07:53:31.021  {main}  INFO   TestPageObject -before class...
2020-09-28 12:26:03.328  {main}  INFO   TestPageObject -before class...
2020-09-28 12:26:07.293  {main}  INFO   TestPageObject -before method...
2020-09-28 12:26:08.900  {main}  TRACE  TestPageObject -1 log trace
2020-09-28 12:26:08.901  {main}  DEBUG  TestPageObject -2 log debug
2020-09-28 12:26:08.901  {main}  INFO   TestPageObject -3 log info
2020-09-28 12:26:08.901  {main}  WARN   TestPageObject -4 log warn
2020-09-28 12:26:08.901  {main}  ERROR  TestPageObject -5 log error
2020-09-28 12:26:08.901  {main}  FATAL  TestPageObject -6 log fatal
2020-09-28 12:26:09.289  {main}  INFO   TestPageObject -after method...
2020-09-28 12:26:11.291  {main}  INFO   TestPageObject -before method...
2020-09-28 12:26:11.661  {main}  INFO   BasePage -loggin in home page
2020-09-28 12:26:16.844  {main}  INFO   TestPageObject -after method...
2020-09-28 12:26:18.846  {main}  INFO   TestPageObject -after class...
2020-09-28 12:26:54.957  {main}  INFO   TestPageObject -before class...
2020-09-28 12:26:58.711  {main}  INFO   TestPageObject -before method...
2020-09-28 12:27:00.441  {main}  TRACE  TestPageObject -1 log trace
2020-09-28 12:27:00.441  {main}  DEBUG  TestPageObject -2 log debug
2020-09-28 12:27:00.441  {main}  INFO   TestPageObject -3 log info
2020-09-28 12:27:00.441  {main}  WARN   TestPageObject -4 log warn
2020-09-28 12:27:00.441  {main}  ERROR  TestPageObject -5 log error
2020-09-28 12:27:00.442  {main}  FATAL  TestPageObject -6 log fatal
2020-09-28 12:27:00.830  {main}  INFO   TestPageObject -after method...
2020-09-28 12:27:02.831  {main}  INFO   TestPageObject -after class...
2020-09-28 12:27:25.964  {main}  INFO   TestPageObject -before class...
2020-09-28 12:27:29.705  {main}  INFO   TestPageObject -before method...
2020-09-28 12:27:33.600  {main}  TRACE  TestPageObject -1 log trace
2020-09-28 12:27:33.600  {main}  DEBUG  TestPageObject -2 log debug
2020-09-28 12:27:33.600  {main}  INFO   TestPageObject -3 log info
2020-09-28 12:27:33.600  {main}  WARN   TestPageObject -4 log warn
2020-09-28 12:27:33.600  {main}  ERROR  TestPageObject -5 log error
2020-09-28 12:27:33.601  {main}  FATAL  TestPageObject -6 log fatal
2020-09-28 12:27:34.025  {main}  INFO   TestPageObject -after method...
2020-09-28 12:27:36.027  {main}  INFO   TestPageObject -after class...
2020-09-28 12:28:10.486  {main}  INFO   TestPageObject -before class...
2020-09-28 12:28:14.215  {main}  INFO   TestPageObject -before method...
2020-09-28 12:28:16.569  {main}  TRACE  TestPageObject -1 log trace
2020-09-28 12:28:16.569  {main}  DEBUG  TestPageObject -2 log debug
2020-09-28 12:28:16.569  {main}  INFO   TestPageObject -3 log info
2020-09-28 12:28:16.570  {main}  WARN   TestPageObject -4 log warn
2020-09-28 12:28:16.570  {main}  ERROR  TestPageObject -5 log error
2020-09-28 12:28:16.570  {main}  FATAL  TestPageObject -6 log fatal
2020-09-28 12:28:16.967  {main}  INFO   TestPageObject -after method...
2020-09-28 12:28:18.973  {main}  INFO   TestPageObject -before method...
2020-09-28 12:28:19.660  {main}  INFO   BasePage -loggin in home page
2020-09-28 12:28:24.823  {main}  INFO   TestPageObject -after method...
2020-09-28 12:28:26.825  {main}  INFO   TestPageObject -after class...
2020-09-28 12:28:53.470  {main}  INFO   TestPageObject -before class...
2020-09-28 12:28:57.333  {main}  INFO   TestPageObject -before method...
2020-09-28 12:28:59.364  {main}  TRACE  TestPageObject -1 log trace
2020-09-28 12:28:59.364  {main}  DEBUG  TestPageObject -2 log debug
2020-09-28 12:28:59.364  {main}  INFO   TestPageObject -3 log info
2020-09-28 12:28:59.365  {main}  WARN   TestPageObject -4 log warn
2020-09-28 12:28:59.365  {main}  ERROR  TestPageObject -5 log error
2020-09-28 12:28:59.365  {main}  FATAL  TestPageObject -6 log fatal
2020-09-28 12:28:59.744  {main}  INFO   TestPageObject -after method...
2020-09-28 12:29:01.747  {main}  INFO   TestPageObject -before method...
2020-09-28 12:29:02.280  {main}  INFO   BasePage -loggin in home page
2020-09-28 12:29:07.444  {main}  INFO   TestPageObject -after method...
2020-09-28 12:29:09.444  {main}  INFO   TestPageObject -after class...
2020-09-28 12:29:55.368  {main}  INFO   TestPageObject -before class...
2020-09-28 12:29:59.158  {main}  INFO   TestPageObject -before method...
2020-09-28 12:30:01.096  {main}  TRACE  TestPageObject -1 log trace
2020-09-28 12:30:01.096  {main}  DEBUG  TestPageObject -2 log debug
2020-09-28 12:30:01.096  {main}  INFO   TestPageObject -3 log info
2020-09-28 12:30:01.097  {main}  WARN   TestPageObject -4 log warn
2020-09-28 12:30:01.097  {main}  ERROR  TestPageObject -5 log error
2020-09-28 12:30:01.097  {main}  FATAL  TestPageObject -6 log fatal
2020-09-28 12:30:01.486  {main}  INFO   TestPageObject -after method...
2020-09-28 12:30:03.965  {main}  INFO   TestPageObject -before method...
2020-09-28 12:30:04.297  {main}  ERROR  TestPageObject -Test result failed: For Exception
2020-09-28 12:30:04.667  {main}  INFO   TestPageObject -after method...
2020-09-28 12:30:06.669  {main}  INFO   TestPageObject -before method...
2020-09-28 12:30:07.380  {main}  ERROR  TestPageObject -Test result failed: For Exception
2020-09-28 12:30:07.758  {main}  INFO   TestPageObject -after method...
2020-09-28 12:30:09.766  {main}  INFO   TestPageObject -before method...
2020-09-28 12:30:10.590  {main}  ERROR  TestPageObject -Test result failed: For Exception
2020-09-28 12:30:10.927  {main}  INFO   TestPageObject -after method...
2020-09-28 12:30:12.929  {main}  INFO   TestPageObject -before method...
2020-09-28 12:30:13.802  {main}  ERROR  TestPageObject -Test result failed: For Exception
2020-09-28 12:30:14.171  {main}  INFO   TestPageObject -after method...
2020-09-28 12:30:16.172  {main}  INFO   TestPageObject -before method...
2020-09-28 12:30:16.902  {main}  INFO   BasePage -loggin in home page
2020-09-28 12:30:22.091  {main}  INFO   TestPageObject -after method...
2020-09-28 12:30:24.093  {main}  INFO   TestPageObject -after class...
2020-09-28 12:31:23.029  {main}  INFO   TestPageObject -before class...
2020-09-28 12:31:26.774  {main}  INFO   TestPageObject -before method...
2020-09-28 12:31:28.730  {main}  INFO   BasePage -loggin in home page
2020-09-28 12:31:33.911  {main}  INFO   TestPageObject -after method...
2020-09-28 12:31:35.911  {main}  INFO   TestPageObject -after class...
2020-09-28 12:31:54.952  {main}  INFO   TestPageObject -before class...
2020-09-28 12:31:58.808  {main}  INFO   TestPageObject -before method...
2020-09-28 12:32:01.063  {main}  TRACE  TestPageObject -1 log trace
2020-09-28 12:32:01.063  {main}  DEBUG  TestPageObject -2 log debug
2020-09-28 12:32:01.063  {main}  INFO   TestPageObject -3 log info
2020-09-28 12:32:01.063  {main}  WARN   TestPageObject -4 log warn
2020-09-28 12:32:01.063  {main}  ERROR  TestPageObject -5 log error
2020-09-28 12:32:01.063  {main}  FATAL  TestPageObject -6 log fatal
2020-09-28 12:32:01.445  {main}  INFO   TestPageObject -after method...
2020-09-28 12:32:03.454  {main}  INFO   TestPageObject -before method...
2020-09-28 12:32:03.814  {main}  INFO   BasePage -loggin in home page
2020-09-28 12:32:09.058  {main}  INFO   TestPageObject -after method...
2020-09-28 12:32:11.062  {main}  INFO   TestPageObject -after class...
2020-09-28 12:33:39.071  {main}  INFO   TestPageObject -before class...
2020-09-28 12:33:42.892  {main}  INFO   TestPageObject -before method...
2020-09-28 12:33:45.611  {main}  TRACE  TestPageObject -1 log trace
2020-09-28 12:33:45.612  {main}  DEBUG  TestPageObject -2 log debug
2020-09-28 12:33:45.612  {main}  INFO   TestPageObject -3 log info
2020-09-28 12:33:45.612  {main}  WARN   TestPageObject -4 log warn
2020-09-28 12:33:45.612  {main}  ERROR  TestPageObject -5 log error
2020-09-28 12:33:45.612  {main}  FATAL  TestPageObject -6 log fatal
2020-09-28 12:33:45.999  {main}  INFO   TestPageObject -after method...
2020-09-28 12:33:48.003  {main}  INFO   TestPageObject -before method...
2020-09-28 12:33:48.427  {main}  INFO   BasePage -loggin in home page
2020-09-28 12:33:53.670  {main}  INFO   TestPageObject -after method...
2020-09-28 12:33:55.671  {main}  INFO   TestPageObject -after class...
2020-09-28 12:34:43.713  {main}  INFO   TestPageObject -before class...
2020-09-28 12:34:47.501  {main}  INFO   TestPageObject -before method...
2020-09-28 12:34:50.059  {main}  TRACE  TestPageObject -1 log trace
2020-09-28 12:34:50.060  {main}  DEBUG  TestPageObject -2 log debug
2020-09-28 12:34:50.060  {main}  INFO   TestPageObject -3 log info
2020-09-28 12:34:50.060  {main}  WARN   TestPageObject -4 log warn
2020-09-28 12:34:50.065  {main}  ERROR  TestPageObject -5 log error
2020-09-28 12:34:50.066  {main}  FATAL  TestPageObject -6 log fatal
2020-09-28 12:34:50.518  {main}  INFO   TestPageObject -after method...
2020-09-28 12:34:52.519  {main}  INFO   TestPageObject -before method...
2020-09-28 12:34:52.903  {main}  INFO   BasePage -loggin in home page
2020-09-28 12:34:58.126  {main}  INFO   TestPageObject -after method...
2020-09-28 12:35:00.129  {main}  INFO   TestPageObject -after class...
2020-09-28 12:35:40.219  {main}  INFO   TestPageObject -before class...
2020-09-28 12:35:44.014  {main}  INFO   TestPageObject -before method...
2020-09-28 12:35:47.069  {main}  TRACE  TestPageObject -1 log trace
2020-09-28 12:35:47.070  {main}  DEBUG  TestPageObject -2 log debug
2020-09-28 12:35:47.070  {main}  INFO   TestPageObject -3 log info
2020-09-28 12:35:47.070  {main}  WARN   TestPageObject -4 log warn
2020-09-28 12:35:47.074  {main}  ERROR  TestPageObject -5 log error
2020-09-28 12:35:47.074  {main}  FATAL  TestPageObject -6 log fatal
2020-09-28 12:35:47.490  {main}  INFO   TestPageObject -after method...
2020-09-28 12:35:49.495  {main}  INFO   TestPageObject -before method...
2020-09-28 12:35:50.170  {main}  INFO   BasePage -loggin in home page
2020-09-28 12:35:55.387  {main}  INFO   TestPageObject -after method...
2020-09-28 12:35:57.389  {main}  INFO   TestPageObject -after class...
2020-09-28 12:37:42.799  {main}  INFO   TestPageObject -before class...
2020-09-28 12:37:46.645  {main}  INFO   TestPageObject -before method...
2020-09-28 12:37:48.941  {main}  INFO   BasePage -loggin in home page
2020-09-28 12:37:54.221  {main}  INFO   TestPageObject -after method...
2020-09-28 12:37:56.231  {main}  INFO   TestPageObject -after class...
2020-09-28 12:38:24.810  {main}  INFO   TestPageObject -before class...
2020-09-28 12:38:28.638  {main}  INFO   TestPageObject -before method...
2020-09-28 12:38:31.016  {main}  INFO   BasePage -loggin in home page
2020-09-28 12:38:36.210  {main}  INFO   TestPageObject -after method...
2020-09-28 12:38:38.211  {main}  INFO   TestPageObject -after class...
2020-09-28 12:39:28.954  {main}  INFO   TestPageObject -before class...
2020-09-28 12:39:32.770  {main}  INFO   TestPageObject -before method...
2020-09-28 12:39:36.762  {main}  INFO   BasePage -loggin in home page
2020-09-28 12:39:41.996  {main}  INFO   TestPageObject -after method...
2020-09-28 12:39:44.000  {main}  INFO   TestPageObject -after class...
2020-09-28 12:40:36.955  {main}  INFO   TestPageObject -before class...
2020-09-28 12:40:40.754  {main}  INFO   TestPageObject -before method...
2020-09-28 12:40:46.270  {main}  INFO   BasePage -loggin in home page
2020-09-28 12:40:51.451  {main}  INFO   TestPageObject -after method...
2020-09-28 12:40:53.454  {main}  INFO   TestPageObject -after class...
2020-09-28 12:41:14.050  {main}  INFO   TestPageObject -before class...
2020-09-28 12:41:18.157  {main}  INFO   TestPageObject -before method...
2020-09-28 12:41:20.326  {main}  ERROR  TestPageObject -Test result failed: For Exception
2020-09-28 12:41:20.721  {main}  INFO   TestPageObject -after method...
2020-09-28 12:41:22.722  {main}  INFO   TestPageObject -before method...
2020-09-28 12:41:23.706  {main}  ERROR  TestPageObject -Test result failed: For Exception
2020-09-28 12:41:24.090  {main}  INFO   TestPageObject -after method...
2020-09-28 12:41:26.091  {main}  INFO   TestPageObject -before method...
2020-09-28 12:41:26.528  {main}  ERROR  TestPageObject -Test result failed: For Exception
2020-09-28 12:41:26.912  {main}  INFO   TestPageObject -after method...
2020-09-28 12:41:28.913  {main}  INFO   TestPageObject -before method...
2020-09-28 12:41:29.958  {main}  ERROR  TestPageObject -Test result failed: For Exception
2020-09-28 12:41:30.326  {main}  INFO   TestPageObject -after method...
2020-09-28 12:41:32.331  {main}  INFO   TestPageObject -before method...
2020-09-28 12:41:33.257  {main}  INFO   BasePage -loggin in home page
2020-09-28 12:41:38.470  {main}  INFO   TestPageObject -after method...
2020-09-28 12:41:40.472  {main}  INFO   TestPageObject -after class...
2020-09-28 12:42:13.118  {main}  INFO   TestPageObject -before class...
2020-09-28 12:42:16.943  {main}  INFO   TestPageObject -before method...
2020-09-28 12:42:18.984  {main}  TRACE  TestPageObject -1 log trace
2020-09-28 12:42:18.984  {main}  DEBUG  TestPageObject -2 log debug
2020-09-28 12:42:18.984  {main}  INFO   TestPageObject -3 log info
2020-09-28 12:42:18.985  {main}  WARN   TestPageObject -4 log warn
2020-09-28 12:42:18.985  {main}  ERROR  TestPageObject -5 log error
2020-09-28 12:42:18.985  {main}  FATAL  TestPageObject -6 log fatal
2020-09-28 12:42:19.403  {main}  INFO   TestPageObject -after method...
2020-09-28 12:42:21.405  {main}  INFO   TestPageObject -before method...
2020-09-28 12:42:22.403  {main}  INFO   BasePage -loggin in home page
2020-09-28 12:42:27.649  {main}  INFO   TestPageObject -after method...
2020-09-28 12:42:29.650  {main}  INFO   TestPageObject -after class...
2020-09-28 12:43:05.272  {main}  INFO   TestPageObject -before class...
2020-09-28 12:43:09.033  {main}  INFO   TestPageObject -before method...
2020-09-28 12:43:10.777  {main}  TRACE  TestPageObject -1 log trace
2020-09-28 12:43:10.777  {main}  DEBUG  TestPageObject -2 log debug
2020-09-28 12:43:10.777  {main}  INFO   TestPageObject -3 log info
2020-09-28 12:43:10.777  {main}  WARN   TestPageObject -4 log warn
2020-09-28 12:43:10.777  {main}  ERROR  TestPageObject -5 log error
2020-09-28 12:43:10.777  {main}  FATAL  TestPageObject -6 log fatal
2020-09-28 12:43:11.180  {main}  INFO   TestPageObject -after method...
2020-09-28 12:43:13.182  {main}  INFO   TestPageObject -after class...
2020-09-28 12:43:32.415  {main}  INFO   TestPageObject -before class...
2020-09-28 12:43:36.209  {main}  INFO   TestPageObject -before method...
2020-09-28 12:43:39.570  {main}  TRACE  TestPageObject -1 log trace
2020-09-28 12:43:39.570  {main}  DEBUG  TestPageObject -2 log debug
2020-09-28 12:43:39.570  {main}  INFO   TestPageObject -3 log info
2020-09-28 12:43:39.570  {main}  WARN   TestPageObject -4 log warn
2020-09-28 12:43:39.575  {main}  ERROR  TestPageObject -5 log error
2020-09-28 12:43:39.575  {main}  FATAL  TestPageObject -6 log fatal
2020-09-28 12:43:40.050  {main}  INFO   TestPageObject -after method...
2020-09-28 12:43:42.052  {main}  INFO   TestPageObject -after class...
2020-09-28 12:45:34.060  {main}  INFO   TestPageObject -before class...
2020-09-28 12:45:37.876  {main}  INFO   TestPageObject -before method...
2020-09-28 12:45:40.684  {main}  TRACE  TestPageObject -1 log trace
2020-09-28 12:45:40.684  {main}  DEBUG  TestPageObject -2 log debug
2020-09-28 12:45:40.684  {main}  INFO   TestPageObject -3 log info
2020-09-28 12:45:40.684  {main}  WARN   TestPageObject -4 log warn
2020-09-28 12:45:40.689  {main}  ERROR  TestPageObject -5 log error
2020-09-28 12:45:40.689  {main}  FATAL  TestPageObject -6 log fatal
2020-09-28 12:45:41.084  {main}  INFO   TestPageObject -after method...
2020-09-28 12:45:43.085  {main}  INFO   TestPageObject -after class...
2020-09-28 12:58:46.897  {main}  INFO   TestPageObject -before class...
2020-09-28 12:58:50.650  {main}  INFO   TestPageObject -before method...
2020-09-28 12:58:52.707  {main}  TRACE  TestPageObject -1 log trace
2020-09-28 12:58:52.707  {main}  DEBUG  TestPageObject -2 log debug
2020-09-28 12:58:52.708  {main}  INFO   TestPageObject -3 log info
2020-09-28 12:58:52.708  {main}  WARN   TestPageObject -4 log warn
2020-09-28 12:58:52.708  {main}  ERROR  TestPageObject -5 log error
2020-09-28 12:58:52.713  {main}  FATAL  TestPageObject -6 log fatal
2020-09-28 12:58:53.142  {main}  INFO   TestPageObject -after method...
2020-09-28 12:58:55.143  {main}  INFO   TestPageObject -after class...
2020-09-28 12:59:29.472  {main}  INFO   TestPageObject -before class...
2020-09-28 12:59:33.211  {main}  INFO   TestPageObject -before method...
2020-09-28 12:59:37.304  {main}  TRACE  TestPageObject -1 log trace
2020-09-28 12:59:37.305  {main}  DEBUG  TestPageObject -2 log debug
2020-09-28 12:59:37.305  {main}  INFO   TestPageObject -3 log info
2020-09-28 12:59:37.305  {main}  WARN   TestPageObject -4 log warn
2020-09-28 12:59:37.305  {main}  ERROR  TestPageObject -5 log error
2020-09-28 12:59:37.305  {main}  FATAL  TestPageObject -6 log fatal
2020-09-28 12:59:37.733  {main}  INFO   TestPageObject -after method...
2020-09-28 12:59:39.735  {main}  INFO   TestPageObject -after class...
2020-09-28 13:04:49.000  {main}  INFO   TestPageObject -before class...
2020-09-28 13:04:52.732  {main}  INFO   TestPageObject -before method...
2020-09-28 13:04:55.682  {main}  TRACE  TestPageObject -1 log trace
2020-09-28 13:04:55.683  {main}  DEBUG  TestPageObject -2 log debug
2020-09-28 13:04:55.683  {main}  INFO   TestPageObject -3 log info
2020-09-28 13:04:55.683  {main}  WARN   TestPageObject -4 log warn
2020-09-28 13:04:55.687  {main}  ERROR  TestPageObject -5 log error
2020-09-28 13:04:55.688  {main}  FATAL  TestPageObject -6 log fatal
2020-09-28 13:04:56.130  {main}  INFO   TestPageObject -after method...
2020-09-28 13:04:58.132  {main}  INFO   TestPageObject -after class...
2020-09-28 13:05:43.774  {main}  INFO   TestPageObject -before class...
2020-09-28 13:05:47.537  {main}  INFO   TestPageObject -before method...
2020-09-28 13:05:50.143  {main}  TRACE  TestPageObject -1 log trace
2020-09-28 13:05:50.143  {main}  DEBUG  TestPageObject -2 log debug
2020-09-28 13:05:50.143  {main}  INFO   TestPageObject -3 log info
2020-09-28 13:05:50.144  {main}  WARN   TestPageObject -4 log warn
2020-09-28 13:05:50.149  {main}  ERROR  TestPageObject -5 log error
2020-09-28 13:05:50.150  {main}  FATAL  TestPageObject -6 log fatal
2020-09-28 13:05:50.599  {main}  INFO   TestPageObject -after method...
2020-09-28 13:05:52.601  {main}  INFO   TestPageObject -after class...
2020-09-28 13:07:11.176  {main}  INFO   TestPageObject -before class...
2020-09-28 13:07:14.899  {main}  INFO   TestPageObject -before method...
2020-09-28 13:07:17.189  {main}  TRACE  TestPageObject -1 log trace
2020-09-28 13:07:17.189  {main}  DEBUG  TestPageObject -2 log debug
2020-09-28 13:07:17.189  {main}  INFO   TestPageObject -3 log info
2020-09-28 13:07:17.190  {main}  WARN   TestPageObject -4 log warn
2020-09-28 13:07:17.194  {main}  ERROR  TestPageObject -5 log error
2020-09-28 13:07:17.195  {main}  FATAL  TestPageObject -6 log fatal
2020-09-28 13:07:17.594  {main}  INFO   TestPageObject -after method...
2020-09-28 13:07:19.601  {main}  INFO   TestPageObject -before method...
2020-09-28 13:07:19.963  {main}  INFO   BasePage -loggin in home page
2020-09-28 13:07:25.168  {main}  INFO   TestPageObject -after method...
2020-09-28 13:07:27.172  {main}  INFO   TestPageObject -after class...
2020-09-28 13:08:14.694  {main}  INFO   TestPageObject -before class...
2020-09-28 13:08:18.417  {main}  INFO   TestPageObject -before method...
2020-09-28 13:08:20.782  {main}  TRACE  TestPageObject -1 log trace
2020-09-28 13:08:20.783  {main}  DEBUG  TestPageObject -2 log debug
2020-09-28 13:08:20.783  {main}  INFO   TestPageObject -3 log info
2020-09-28 13:08:20.783  {main}  WARN   TestPageObject -4 log warn
2020-09-28 13:08:20.783  {main}  ERROR  TestPageObject -5 log error
2020-09-28 13:08:20.783  {main}  FATAL  TestPageObject -6 log fatal
2020-09-28 13:08:21.190  {main}  INFO   TestPageObject -after method...
2020-09-28 13:08:23.192  {main}  INFO   TestPageObject -after class...
